<?xml version="1.0" encoding="UTF-8"?>
<testng-results skipped="0" failed="1" total="1" passed="0">
  <reporter-output>
  </reporter-output>
  <suite name="Default suite" duration-ms="299719" started-at="2017-06-11T14:32:34Z" finished-at="2017-06-11T14:37:33Z">
    <groups>
    </groups>
    <test name="Default test" duration-ms="299719" started-at="2017-06-11T14:32:34Z" finished-at="2017-06-11T14:37:33Z">
      <class name="com.techaviator.demo.ScenarioComponents.RediffUserLogin">
        <test-method status="PASS" signature="beforeSuite()[pri:0, instance:com.techaviator.demo.ScenarioComponents.RediffUserLogin@6093dd95]" name="beforeSuite" is-config="true" duration-ms="323" started-at="2017-06-11T20:02:33Z" finished-at="2017-06-11T20:02:34Z">
          <reporter-output>
          </reporter-output>
        </test-method> <!-- beforeSuite -->
        <test-method status="PASS" signature="launchApplication()[pri:0, instance:com.techaviator.demo.ScenarioComponents.RediffUserLogin@6093dd95]" name="launchApplication" is-config="true" duration-ms="94549" started-at="2017-06-11T20:02:34Z" finished-at="2017-06-11T20:04:09Z">
          <reporter-output>
          </reporter-output>
        </test-method> <!-- launchApplication -->
        <test-method status="FAIL" signature="userLogin_Valid(java.util.Map)[pri:0, instance:com.techaviator.demo.ScenarioComponents.RediffUserLogin@6093dd95]" name="userLogin_Valid" duration-ms="198583" started-at="2017-06-11T20:04:09Z" data-provider="RediffTestData" finished-at="2017-06-11T20:07:27Z">
          <params>
            <param index="0">
              <value>
                <![CDATA[{TC_Order=1.0, UserName=rajutest.2017@rediffmail.com, ExpectedResult=Raju, TC_ID=GB_07, TC_Execute=Y, TC_Script=Valid, Password=password}]]>
              </value>
            </param>
          </params>
          <exception class="java.lang.NullPointerException">
            <full-stacktrace>
              <![CDATA[java.lang.NullPointerException
	at com.techaviator.demo.GenericComponents.RediffBaseClass.equalsFullImageValidation(RediffBaseClass.java:159)
	at com.techaviator.demo.ScenarioComponents.RediffUserLogin.userLogin_Valid(RediffUserLogin.java:48)
	at sun.reflect.NativeMethodAccessorImpl.invoke0(Native Method)
	at sun.reflect.NativeMethodAccessorImpl.invoke(NativeMethodAccessorImpl.java:62)
	at sun.reflect.DelegatingMethodAccessorImpl.invoke(DelegatingMethodAccessorImpl.java:43)
	at java.lang.reflect.Method.invoke(Method.java:498)
	at org.testng.internal.MethodInvocationHelper.invokeMethod(MethodInvocationHelper.java:80)
	at org.testng.internal.Invoker.invokeMethod(Invoker.java:714)
	at org.testng.internal.Invoker.invokeTestMethod(Invoker.java:901)
	at org.testng.internal.Invoker.invokeTestMethods(Invoker.java:1231)
	at org.testng.internal.TestMethodWorker.invokeTestMethods(TestMethodWorker.java:127)
	at org.testng.internal.TestMethodWorker.run(TestMethodWorker.java:111)
	at org.testng.TestRunner.privateRun(TestRunner.java:767)
	at org.testng.TestRunner.run(TestRunner.java:617)
	at org.testng.SuiteRunner.runTest(SuiteRunner.java:334)
	at org.testng.SuiteRunner.runSequentially(SuiteRunner.java:329)
	at org.testng.SuiteRunner.privateRun(SuiteRunner.java:291)
	at org.testng.SuiteRunner.run(SuiteRunner.java:240)
	at org.testng.SuiteRunnerWorker.runSuite(SuiteRunnerWorker.java:52)
	at org.testng.SuiteRunnerWorker.run(SuiteRunnerWorker.java:86)
	at org.testng.TestNG.runSuitesSequentially(TestNG.java:1198)
	at org.testng.TestNG.runSuitesLocally(TestNG.java:1123)
	at org.testng.TestNG.run(TestNG.java:1031)
	at org.testng.remote.AbstractRemoteTestNG.run(AbstractRemoteTestNG.java:132)
	at org.testng.remote.RemoteTestNG.initAndRun(RemoteTestNG.java:236)
	at org.testng.remote.RemoteTestNG.main(RemoteTestNG.java:81)
]]>
            </full-stacktrace>
          </exception> <!-- java.lang.NullPointerException -->
          <reporter-output>
          </reporter-output>
        </test-method> <!-- userLogin_Valid -->
        <test-method status="PASS" signature="beforeMethod()[pri:0, instance:com.techaviator.demo.ScenarioComponents.RediffUserLogin@6093dd95]" name="beforeMethod" is-config="true" duration-ms="0" started-at="2017-06-11T20:04:09Z" finished-at="2017-06-11T20:04:09Z">
          <reporter-output>
          </reporter-output>
        </test-method> <!-- beforeMethod -->
        <test-method status="PASS" signature="tearDown()[pri:0, instance:com.techaviator.demo.ScenarioComponents.RediffUserLogin@6093dd95]" name="tearDown" is-config="true" duration-ms="5916" started-at="2017-06-11T20:07:27Z" finished-at="2017-06-11T20:07:33Z">
          <reporter-output>
          </reporter-output>
        </test-method> <!-- tearDown -->
        <test-method status="FAIL" signature="tearDown(org.testng.ITestResult)[pri:0, instance:com.techaviator.demo.ScenarioComponents.RediffUserLogin@6093dd95]" name="tearDown" is-config="true" duration-ms="0" started-at="2017-06-11T20:07:33Z" finished-at="2017-06-11T20:07:33Z">
          <params>
            <param index="0">
              <value>
                <![CDATA[[TestResult name=userLogin_Valid status=FAILURE method=RediffUserLogin.userLogin_Valid(java.util.Map)[pri:0, instance:com.techaviator.demo.ScenarioComponents.RediffUserLogin@6093dd95] output={null}]]]>
              </value>
            </param>
          </params>
          <exception class="org.openqa.selenium.remote.SessionNotFoundException">
            <message>
              <![CDATA[The FirefoxDriver cannot be used after quit() was called.
Build info: version: '2.53.1', revision: 'a36b8b1cd5757287168e54b817830adce9b0158d', time: '2016-06-30 19:26:09'
System info: host: 'JALGAR2', ip: '192.168.244.1', os.name: 'Windows 7', os.arch: 'amd64', os.version: '6.1', java.version: '1.8.0_111'
Driver info: driver.version: FirefoxDriver]]>
            </message>
            <full-stacktrace>
              <![CDATA[org.openqa.selenium.remote.SessionNotFoundException: The FirefoxDriver cannot be used after quit() was called.
Build info: version: '2.53.1', revision: 'a36b8b1cd5757287168e54b817830adce9b0158d', time: '2016-06-30 19:26:09'
System info: host: 'JALGAR2', ip: '192.168.244.1', os.name: 'Windows 7', os.arch: 'amd64', os.version: '6.1', java.version: '1.8.0_111'
Driver info: driver.version: FirefoxDriver
	at org.openqa.selenium.firefox.FirefoxDriver$LazyCommandExecutor.execute(FirefoxDriver.java:377)
	at org.openqa.selenium.remote.RemoteWebDriver.execute(RemoteWebDriver.java:644)
	at org.openqa.selenium.remote.RemoteWebDriver.execute(RemoteWebDriver.java:701)
	at org.openqa.selenium.firefox.FirefoxDriver.getScreenshotAs(FirefoxDriver.java:341)
	at com.techaviator.demo.GenericComponents.RediffBaseClass.takeScreenShot(RediffBaseClass.java:80)
	at com.techaviator.demo.GenericComponents.RediffBaseClass.tearDown(RediffBaseClass.java:187)
	at sun.reflect.NativeMethodAccessorImpl.invoke0(Native Method)
	at sun.reflect.NativeMethodAccessorImpl.invoke(NativeMethodAccessorImpl.java:62)
	at sun.reflect.DelegatingMethodAccessorImpl.invoke(DelegatingMethodAccessorImpl.java:43)
	at java.lang.reflect.Method.invoke(Method.java:498)
	at org.testng.internal.MethodInvocationHelper.invokeMethod(MethodInvocationHelper.java:80)
	at org.testng.internal.Invoker.invokeConfigurationMethod(Invoker.java:564)
	at org.testng.internal.Invoker.invokeConfigurations(Invoker.java:213)
	at org.testng.internal.Invoker.invokeMethod(Invoker.java:786)
	at org.testng.internal.Invoker.invokeTestMethod(Invoker.java:901)
	at org.testng.internal.Invoker.invokeTestMethods(Invoker.java:1231)
	at org.testng.internal.TestMethodWorker.invokeTestMethods(TestMethodWorker.java:127)
	at org.testng.internal.TestMethodWorker.run(TestMethodWorker.java:111)
	at org.testng.TestRunner.privateRun(TestRunner.java:767)
	at org.testng.TestRunner.run(TestRunner.java:617)
	at org.testng.SuiteRunner.runTest(SuiteRunner.java:334)
	at org.testng.SuiteRunner.runSequentially(SuiteRunner.java:329)
	at org.testng.SuiteRunner.privateRun(SuiteRunner.java:291)
	at org.testng.SuiteRunner.run(SuiteRunner.java:240)
	at org.testng.SuiteRunnerWorker.runSuite(SuiteRunnerWorker.java:52)
	at org.testng.SuiteRunnerWorker.run(SuiteRunnerWorker.java:86)
	at org.testng.TestNG.runSuitesSequentially(TestNG.java:1198)
	at org.testng.TestNG.runSuitesLocally(TestNG.java:1123)
	at org.testng.TestNG.run(TestNG.java:1031)
	at org.testng.remote.AbstractRemoteTestNG.run(AbstractRemoteTestNG.java:132)
	at org.testng.remote.RemoteTestNG.initAndRun(RemoteTestNG.java:236)
	at org.testng.remote.RemoteTestNG.main(RemoteTestNG.java:81)
]]>
            </full-stacktrace>
          </exception> <!-- org.openqa.selenium.remote.SessionNotFoundException -->
          <reporter-output>
          </reporter-output>
        </test-method> <!-- tearDown -->
      </class> <!-- com.techaviator.demo.ScenarioComponents.RediffUserLogin -->
    </test> <!-- Default test -->
  </suite> <!-- Default suite -->
</testng-results>
